2021-09-27 16:53:24,242 [main] [org.apache.hadoop.util.Shell] [ERROR] - Failed to locate the winutils binary in the hadoop binary path
java.io.IOException: Could not locate executable null\bin\winutils.exe in the Hadoop binaries.
	at org.apache.hadoop.util.Shell.getQualifiedBinPath(Shell.java:382)
	at org.apache.hadoop.util.Shell.getWinUtilsPath(Shell.java:397)
	at org.apache.hadoop.util.Shell.<clinit>(Shell.java:390)
	at org.apache.hadoop.util.StringUtils.<clinit>(StringUtils.java:80)
	at org.apache.hadoop.fs.FileSystem$Cache$Key.<init>(FileSystem.java:2821)
	at org.apache.hadoop.fs.FileSystem$Cache$Key.<init>(FileSystem.java:2816)
	at org.apache.hadoop.fs.FileSystem$Cache.get(FileSystem.java:2682)
	at org.apache.hadoop.fs.FileSystem.get(FileSystem.java:372)
	at org.apache.hadoop.fs.FileSystem.get(FileSystem.java:171)
	at hdfs.CopyFileFromLocal.main(CopyFileFromLocal.java:13)
2021-09-27 16:53:24,242-[TS] ERROR main org.apache.hadoop.util.Shell - Failed to locate the winutils binary in the hadoop binary path
java.io.IOException: Could not locate executable null\bin\winutils.exe in the Hadoop binaries.
	at org.apache.hadoop.util.Shell.getQualifiedBinPath(Shell.java:382)
	at org.apache.hadoop.util.Shell.getWinUtilsPath(Shell.java:397)
	at org.apache.hadoop.util.Shell.<clinit>(Shell.java:390)
	at org.apache.hadoop.util.StringUtils.<clinit>(StringUtils.java:80)
	at org.apache.hadoop.fs.FileSystem$Cache$Key.<init>(FileSystem.java:2821)
	at org.apache.hadoop.fs.FileSystem$Cache$Key.<init>(FileSystem.java:2816)
	at org.apache.hadoop.fs.FileSystem$Cache.get(FileSystem.java:2682)
	at org.apache.hadoop.fs.FileSystem.get(FileSystem.java:372)
	at org.apache.hadoop.fs.FileSystem.get(FileSystem.java:171)
	at hdfs.CopyFileFromLocal.main(CopyFileFromLocal.java:13)
2021-09-27 16:53:24,432 [main] [org.apache.hadoop.util.NativeCodeLoader] [WARN] - Unable to load native-hadoop library for your platform... using builtin-java classes where applicable
2021-09-27 16:53:24,432-[TS] WARN main org.apache.hadoop.util.NativeCodeLoader - Unable to load native-hadoop library for your platform... using builtin-java classes where applicable
2021-09-27 16:57:14,412 [main] [org.apache.hadoop.util.Shell] [ERROR] - Failed to locate the winutils binary in the hadoop binary path
java.io.IOException: Could not locate executable null\bin\winutils.exe in the Hadoop binaries.
	at org.apache.hadoop.util.Shell.getQualifiedBinPath(Shell.java:382)
	at org.apache.hadoop.util.Shell.getWinUtilsPath(Shell.java:397)
	at org.apache.hadoop.util.Shell.<clinit>(Shell.java:390)
	at org.apache.hadoop.util.StringUtils.<clinit>(StringUtils.java:80)
	at org.apache.hadoop.fs.FileSystem$Cache$Key.<init>(FileSystem.java:2821)
	at org.apache.hadoop.fs.FileSystem$Cache$Key.<init>(FileSystem.java:2816)
	at org.apache.hadoop.fs.FileSystem$Cache.get(FileSystem.java:2682)
	at org.apache.hadoop.fs.FileSystem.get(FileSystem.java:372)
	at org.apache.hadoop.fs.FileSystem.get(FileSystem.java:171)
	at hdfs.CopyFileFromLocal.main(CopyFileFromLocal.java:13)
2021-09-27 16:57:14,412-[TS] ERROR main org.apache.hadoop.util.Shell - Failed to locate the winutils binary in the hadoop binary path
java.io.IOException: Could not locate executable null\bin\winutils.exe in the Hadoop binaries.
	at org.apache.hadoop.util.Shell.getQualifiedBinPath(Shell.java:382)
	at org.apache.hadoop.util.Shell.getWinUtilsPath(Shell.java:397)
	at org.apache.hadoop.util.Shell.<clinit>(Shell.java:390)
	at org.apache.hadoop.util.StringUtils.<clinit>(StringUtils.java:80)
	at org.apache.hadoop.fs.FileSystem$Cache$Key.<init>(FileSystem.java:2821)
	at org.apache.hadoop.fs.FileSystem$Cache$Key.<init>(FileSystem.java:2816)
	at org.apache.hadoop.fs.FileSystem$Cache.get(FileSystem.java:2682)
	at org.apache.hadoop.fs.FileSystem.get(FileSystem.java:372)
	at org.apache.hadoop.fs.FileSystem.get(FileSystem.java:171)
	at hdfs.CopyFileFromLocal.main(CopyFileFromLocal.java:13)
2021-09-27 16:57:14,579 [main] [org.apache.hadoop.util.NativeCodeLoader] [WARN] - Unable to load native-hadoop library for your platform... using builtin-java classes where applicable
2021-09-27 16:57:14,579-[TS] WARN main org.apache.hadoop.util.NativeCodeLoader - Unable to load native-hadoop library for your platform... using builtin-java classes where applicable
2021-09-27 16:59:23,348 [main] [org.apache.hadoop.util.Shell] [ERROR] - Failed to locate the winutils binary in the hadoop binary path
java.io.IOException: Could not locate executable null\bin\winutils.exe in the Hadoop binaries.
	at org.apache.hadoop.util.Shell.getQualifiedBinPath(Shell.java:382)
	at org.apache.hadoop.util.Shell.getWinUtilsPath(Shell.java:397)
	at org.apache.hadoop.util.Shell.<clinit>(Shell.java:390)
	at org.apache.hadoop.util.StringUtils.<clinit>(StringUtils.java:80)
	at org.apache.hadoop.fs.FileSystem$Cache$Key.<init>(FileSystem.java:2821)
	at org.apache.hadoop.fs.FileSystem$Cache$Key.<init>(FileSystem.java:2816)
	at org.apache.hadoop.fs.FileSystem$Cache.get(FileSystem.java:2682)
	at org.apache.hadoop.fs.FileSystem.get(FileSystem.java:372)
	at org.apache.hadoop.fs.FileSystem.get(FileSystem.java:171)
	at hdfs.CopyFileFromLocal.main(CopyFileFromLocal.java:13)
2021-09-27 16:59:23,348-[TS] ERROR main org.apache.hadoop.util.Shell - Failed to locate the winutils binary in the hadoop binary path
java.io.IOException: Could not locate executable null\bin\winutils.exe in the Hadoop binaries.
	at org.apache.hadoop.util.Shell.getQualifiedBinPath(Shell.java:382)
	at org.apache.hadoop.util.Shell.getWinUtilsPath(Shell.java:397)
	at org.apache.hadoop.util.Shell.<clinit>(Shell.java:390)
	at org.apache.hadoop.util.StringUtils.<clinit>(StringUtils.java:80)
	at org.apache.hadoop.fs.FileSystem$Cache$Key.<init>(FileSystem.java:2821)
	at org.apache.hadoop.fs.FileSystem$Cache$Key.<init>(FileSystem.java:2816)
	at org.apache.hadoop.fs.FileSystem$Cache.get(FileSystem.java:2682)
	at org.apache.hadoop.fs.FileSystem.get(FileSystem.java:372)
	at org.apache.hadoop.fs.FileSystem.get(FileSystem.java:171)
	at hdfs.CopyFileFromLocal.main(CopyFileFromLocal.java:13)
2021-09-27 16:59:23,510 [main] [org.apache.hadoop.util.NativeCodeLoader] [WARN] - Unable to load native-hadoop library for your platform... using builtin-java classes where applicable
2021-09-27 16:59:23,510-[TS] WARN main org.apache.hadoop.util.NativeCodeLoader - Unable to load native-hadoop library for your platform... using builtin-java classes where applicable
2021-09-27 17:02:07,160 [main] [org.apache.hadoop.util.NativeCodeLoader] [WARN] - Unable to load native-hadoop library for your platform... using builtin-java classes where applicable
2021-09-27 17:02:07,160-[TS] WARN main org.apache.hadoop.util.NativeCodeLoader - Unable to load native-hadoop library for your platform... using builtin-java classes where applicable
2021-09-27 17:08:42,467 [main] [org.apache.hadoop.util.NativeCodeLoader] [WARN] - Unable to load native-hadoop library for your platform... using builtin-java classes where applicable
2021-09-27 17:08:42,467-[TS] WARN main org.apache.hadoop.util.NativeCodeLoader - Unable to load native-hadoop library for your platform... using builtin-java classes where applicable
2021-09-27 17:10:49,071 [main] [org.apache.hadoop.util.Shell] [ERROR] - Failed to locate the winutils binary in the hadoop binary path
java.io.IOException: Could not locate executable null\bin\winutils.exe in the Hadoop binaries.
	at org.apache.hadoop.util.Shell.getQualifiedBinPath(Shell.java:382)
	at org.apache.hadoop.util.Shell.getWinUtilsPath(Shell.java:397)
	at org.apache.hadoop.util.Shell.<clinit>(Shell.java:390)
	at org.apache.hadoop.util.StringUtils.<clinit>(StringUtils.java:80)
	at org.apache.hadoop.fs.FileSystem$Cache$Key.<init>(FileSystem.java:2821)
	at org.apache.hadoop.fs.FileSystem$Cache$Key.<init>(FileSystem.java:2816)
	at org.apache.hadoop.fs.FileSystem$Cache.get(FileSystem.java:2682)
	at org.apache.hadoop.fs.FileSystem.get(FileSystem.java:372)
	at hdfs.TestHadoop.init(TestHadoop.java:37)
	at sun.reflect.NativeMethodAccessorImpl.invoke0(Native Method)
	at sun.reflect.NativeMethodAccessorImpl.invoke(NativeMethodAccessorImpl.java:62)
	at sun.reflect.DelegatingMethodAccessorImpl.invoke(DelegatingMethodAccessorImpl.java:43)
	at java.lang.reflect.Method.invoke(Method.java:498)
	at org.junit.runners.model.FrameworkMethod$1.runReflectiveCall(FrameworkMethod.java:50)
	at org.junit.internal.runners.model.ReflectiveCallable.run(ReflectiveCallable.java:12)
	at org.junit.runners.model.FrameworkMethod.invokeExplosively(FrameworkMethod.java:47)
	at org.junit.internal.runners.statements.RunBefores.evaluate(RunBefores.java:24)
	at org.junit.internal.runners.statements.RunAfters.evaluate(RunAfters.java:27)
	at org.junit.runners.ParentRunner.runLeaf(ParentRunner.java:325)
	at org.junit.runners.BlockJUnit4ClassRunner.runChild(BlockJUnit4ClassRunner.java:78)
	at org.junit.runners.BlockJUnit4ClassRunner.runChild(BlockJUnit4ClassRunner.java:57)
	at org.junit.runners.ParentRunner$3.run(ParentRunner.java:290)
	at org.junit.runners.ParentRunner$1.schedule(ParentRunner.java:71)
	at org.junit.runners.ParentRunner.runChildren(ParentRunner.java:288)
	at org.junit.runners.ParentRunner.access$000(ParentRunner.java:58)
	at org.junit.runners.ParentRunner$2.evaluate(ParentRunner.java:268)
	at org.junit.runners.ParentRunner.run(ParentRunner.java:363)
	at org.junit.runner.JUnitCore.run(JUnitCore.java:137)
	at com.intellij.junit4.JUnit4IdeaTestRunner.startRunnerWithArgs(JUnit4IdeaTestRunner.java:68)
	at com.intellij.rt.junit.IdeaTestRunner$Repeater.startRunnerWithArgs(IdeaTestRunner.java:33)
	at com.intellij.rt.junit.JUnitStarter.prepareStreamsAndStart(JUnitStarter.java:230)
	at com.intellij.rt.junit.JUnitStarter.main(JUnitStarter.java:58)
2021-09-27 17:10:49,071-[TS] ERROR main org.apache.hadoop.util.Shell - Failed to locate the winutils binary in the hadoop binary path
java.io.IOException: Could not locate executable null\bin\winutils.exe in the Hadoop binaries.
	at org.apache.hadoop.util.Shell.getQualifiedBinPath(Shell.java:382)
	at org.apache.hadoop.util.Shell.getWinUtilsPath(Shell.java:397)
	at org.apache.hadoop.util.Shell.<clinit>(Shell.java:390)
	at org.apache.hadoop.util.StringUtils.<clinit>(StringUtils.java:80)
	at org.apache.hadoop.fs.FileSystem$Cache$Key.<init>(FileSystem.java:2821)
	at org.apache.hadoop.fs.FileSystem$Cache$Key.<init>(FileSystem.java:2816)
	at org.apache.hadoop.fs.FileSystem$Cache.get(FileSystem.java:2682)
	at org.apache.hadoop.fs.FileSystem.get(FileSystem.java:372)
	at hdfs.TestHadoop.init(TestHadoop.java:37)
	at sun.reflect.NativeMethodAccessorImpl.invoke0(Native Method)
	at sun.reflect.NativeMethodAccessorImpl.invoke(NativeMethodAccessorImpl.java:62)
	at sun.reflect.DelegatingMethodAccessorImpl.invoke(DelegatingMethodAccessorImpl.java:43)
	at java.lang.reflect.Method.invoke(Method.java:498)
	at org.junit.runners.model.FrameworkMethod$1.runReflectiveCall(FrameworkMethod.java:50)
	at org.junit.internal.runners.model.ReflectiveCallable.run(ReflectiveCallable.java:12)
	at org.junit.runners.model.FrameworkMethod.invokeExplosively(FrameworkMethod.java:47)
	at org.junit.internal.runners.statements.RunBefores.evaluate(RunBefores.java:24)
	at org.junit.internal.runners.statements.RunAfters.evaluate(RunAfters.java:27)
	at org.junit.runners.ParentRunner.runLeaf(ParentRunner.java:325)
	at org.junit.runners.BlockJUnit4ClassRunner.runChild(BlockJUnit4ClassRunner.java:78)
	at org.junit.runners.BlockJUnit4ClassRunner.runChild(BlockJUnit4ClassRunner.java:57)
	at org.junit.runners.ParentRunner$3.run(ParentRunner.java:290)
	at org.junit.runners.ParentRunner$1.schedule(ParentRunner.java:71)
	at org.junit.runners.ParentRunner.runChildren(ParentRunner.java:288)
	at org.junit.runners.ParentRunner.access$000(ParentRunner.java:58)
	at org.junit.runners.ParentRunner$2.evaluate(ParentRunner.java:268)
	at org.junit.runners.ParentRunner.run(ParentRunner.java:363)
	at org.junit.runner.JUnitCore.run(JUnitCore.java:137)
	at com.intellij.junit4.JUnit4IdeaTestRunner.startRunnerWithArgs(JUnit4IdeaTestRunner.java:68)
	at com.intellij.rt.junit.IdeaTestRunner$Repeater.startRunnerWithArgs(IdeaTestRunner.java:33)
	at com.intellij.rt.junit.JUnitStarter.prepareStreamsAndStart(JUnitStarter.java:230)
	at com.intellij.rt.junit.JUnitStarter.main(JUnitStarter.java:58)
2021-09-27 17:10:49,243 [main] [org.apache.hadoop.util.NativeCodeLoader] [WARN] - Unable to load native-hadoop library for your platform... using builtin-java classes where applicable
2021-09-27 17:10:49,243-[TS] WARN main org.apache.hadoop.util.NativeCodeLoader - Unable to load native-hadoop library for your platform... using builtin-java classes where applicable
2021-09-27 17:11:12,592 [main] [org.apache.hadoop.util.Shell] [ERROR] - Failed to locate the winutils binary in the hadoop binary path
java.io.IOException: Could not locate executable null\bin\winutils.exe in the Hadoop binaries.
	at org.apache.hadoop.util.Shell.getQualifiedBinPath(Shell.java:382)
	at org.apache.hadoop.util.Shell.getWinUtilsPath(Shell.java:397)
	at org.apache.hadoop.util.Shell.<clinit>(Shell.java:390)
	at org.apache.hadoop.util.StringUtils.<clinit>(StringUtils.java:80)
	at org.apache.hadoop.fs.FileSystem$Cache$Key.<init>(FileSystem.java:2821)
	at org.apache.hadoop.fs.FileSystem$Cache$Key.<init>(FileSystem.java:2816)
	at org.apache.hadoop.fs.FileSystem$Cache.get(FileSystem.java:2682)
	at org.apache.hadoop.fs.FileSystem.get(FileSystem.java:372)
	at hdfs.TestHadoop.init(TestHadoop.java:37)
	at sun.reflect.NativeMethodAccessorImpl.invoke0(Native Method)
	at sun.reflect.NativeMethodAccessorImpl.invoke(NativeMethodAccessorImpl.java:62)
	at sun.reflect.DelegatingMethodAccessorImpl.invoke(DelegatingMethodAccessorImpl.java:43)
	at java.lang.reflect.Method.invoke(Method.java:498)
	at org.junit.runners.model.FrameworkMethod$1.runReflectiveCall(FrameworkMethod.java:50)
	at org.junit.internal.runners.model.ReflectiveCallable.run(ReflectiveCallable.java:12)
	at org.junit.runners.model.FrameworkMethod.invokeExplosively(FrameworkMethod.java:47)
	at org.junit.internal.runners.statements.RunBefores.evaluate(RunBefores.java:24)
	at org.junit.internal.runners.statements.RunAfters.evaluate(RunAfters.java:27)
	at org.junit.runners.ParentRunner.runLeaf(ParentRunner.java:325)
	at org.junit.runners.BlockJUnit4ClassRunner.runChild(BlockJUnit4ClassRunner.java:78)
	at org.junit.runners.BlockJUnit4ClassRunner.runChild(BlockJUnit4ClassRunner.java:57)
	at org.junit.runners.ParentRunner$3.run(ParentRunner.java:290)
	at org.junit.runners.ParentRunner$1.schedule(ParentRunner.java:71)
	at org.junit.runners.ParentRunner.runChildren(ParentRunner.java:288)
	at org.junit.runners.ParentRunner.access$000(ParentRunner.java:58)
	at org.junit.runners.ParentRunner$2.evaluate(ParentRunner.java:268)
	at org.junit.runners.ParentRunner.run(ParentRunner.java:363)
	at org.junit.runner.JUnitCore.run(JUnitCore.java:137)
	at com.intellij.junit4.JUnit4IdeaTestRunner.startRunnerWithArgs(JUnit4IdeaTestRunner.java:68)
	at com.intellij.rt.junit.IdeaTestRunner$Repeater.startRunnerWithArgs(IdeaTestRunner.java:33)
	at com.intellij.rt.junit.JUnitStarter.prepareStreamsAndStart(JUnitStarter.java:230)
	at com.intellij.rt.junit.JUnitStarter.main(JUnitStarter.java:58)
2021-09-27 17:11:12,592-[TS] ERROR main org.apache.hadoop.util.Shell - Failed to locate the winutils binary in the hadoop binary path
java.io.IOException: Could not locate executable null\bin\winutils.exe in the Hadoop binaries.
	at org.apache.hadoop.util.Shell.getQualifiedBinPath(Shell.java:382)
	at org.apache.hadoop.util.Shell.getWinUtilsPath(Shell.java:397)
	at org.apache.hadoop.util.Shell.<clinit>(Shell.java:390)
	at org.apache.hadoop.util.StringUtils.<clinit>(StringUtils.java:80)
	at org.apache.hadoop.fs.FileSystem$Cache$Key.<init>(FileSystem.java:2821)
	at org.apache.hadoop.fs.FileSystem$Cache$Key.<init>(FileSystem.java:2816)
	at org.apache.hadoop.fs.FileSystem$Cache.get(FileSystem.java:2682)
	at org.apache.hadoop.fs.FileSystem.get(FileSystem.java:372)
	at hdfs.TestHadoop.init(TestHadoop.java:37)
	at sun.reflect.NativeMethodAccessorImpl.invoke0(Native Method)
	at sun.reflect.NativeMethodAccessorImpl.invoke(NativeMethodAccessorImpl.java:62)
	at sun.reflect.DelegatingMethodAccessorImpl.invoke(DelegatingMethodAccessorImpl.java:43)
	at java.lang.reflect.Method.invoke(Method.java:498)
	at org.junit.runners.model.FrameworkMethod$1.runReflectiveCall(FrameworkMethod.java:50)
	at org.junit.internal.runners.model.ReflectiveCallable.run(ReflectiveCallable.java:12)
	at org.junit.runners.model.FrameworkMethod.invokeExplosively(FrameworkMethod.java:47)
	at org.junit.internal.runners.statements.RunBefores.evaluate(RunBefores.java:24)
	at org.junit.internal.runners.statements.RunAfters.evaluate(RunAfters.java:27)
	at org.junit.runners.ParentRunner.runLeaf(ParentRunner.java:325)
	at org.junit.runners.BlockJUnit4ClassRunner.runChild(BlockJUnit4ClassRunner.java:78)
	at org.junit.runners.BlockJUnit4ClassRunner.runChild(BlockJUnit4ClassRunner.java:57)
	at org.junit.runners.ParentRunner$3.run(ParentRunner.java:290)
	at org.junit.runners.ParentRunner$1.schedule(ParentRunner.java:71)
	at org.junit.runners.ParentRunner.runChildren(ParentRunner.java:288)
	at org.junit.runners.ParentRunner.access$000(ParentRunner.java:58)
	at org.junit.runners.ParentRunner$2.evaluate(ParentRunner.java:268)
	at org.junit.runners.ParentRunner.run(ParentRunner.java:363)
	at org.junit.runner.JUnitCore.run(JUnitCore.java:137)
	at com.intellij.junit4.JUnit4IdeaTestRunner.startRunnerWithArgs(JUnit4IdeaTestRunner.java:68)
	at com.intellij.rt.junit.IdeaTestRunner$Repeater.startRunnerWithArgs(IdeaTestRunner.java:33)
	at com.intellij.rt.junit.JUnitStarter.prepareStreamsAndStart(JUnitStarter.java:230)
	at com.intellij.rt.junit.JUnitStarter.main(JUnitStarter.java:58)
2021-09-27 17:11:12,736 [main] [org.apache.hadoop.util.NativeCodeLoader] [WARN] - Unable to load native-hadoop library for your platform... using builtin-java classes where applicable
2021-09-27 17:11:12,736-[TS] WARN main org.apache.hadoop.util.NativeCodeLoader - Unable to load native-hadoop library for your platform... using builtin-java classes where applicable
2021-09-27 17:12:13,854 [main] [org.apache.hadoop.util.NativeCodeLoader] [WARN] - Unable to load native-hadoop library for your platform... using builtin-java classes where applicable
2021-09-27 17:12:13,854-[TS] WARN main org.apache.hadoop.util.NativeCodeLoader - Unable to load native-hadoop library for your platform... using builtin-java classes where applicable
2021-09-27 17:22:57,226 [main] [org.apache.hadoop.util.NativeCodeLoader] [WARN] - Unable to load native-hadoop library for your platform... using builtin-java classes where applicable
2021-09-27 17:22:57,226-[TS] WARN main org.apache.hadoop.util.NativeCodeLoader - Unable to load native-hadoop library for your platform... using builtin-java classes where applicable
